<?xml version="1.0" encoding="utf-8"?><testsuites name="pytest tests"><testsuite name="pytest" errors="0" failures="0" skipped="0" tests="79" time="236.009" timestamp="2026-04-06T18:23:28.158936+01:00" hostname="Ahmed-PC"><testcase classname="tests.test_alert_notifiers" name="test_email_notifier_sends_to_configured_recipients" time="0.132" /><testcase classname="tests.test_alert_notifiers" name="test_slack_notifier_posts_webhook_payload" time="0.006" /><testcase classname="tests.test_alert_notifiers" name="test_siem_notifier_pushes_json_payload" time="0.004" /><testcase classname="tests.test_alert_router" name="test_alert_router_default_mapping_covers_all_severities" time="0.001" /><testcase classname="tests.test_alert_router" name="test_alert_router_uses_custom_mapping_when_provided" time="0.001" /><testcase classname="tests.test_alert_task" name="test_alert_worker_creates_and_dispatches_channels" time="0.003" /><testcase classname="tests.test_alert_task" name="test_alert_worker_dispatches_existing_alert" time="0.003" /><testcase classname="tests.test_alert_task" name="test_alert_worker_reports_not_found_for_unknown_alert" time="0.002" /><testcase classname="tests.test_alerts_api" name="test_alerts_triage_actions_and_audit_trail" time="32.786" /><testcase classname="tests.test_alerts_api" name="test_alerts_triage_returns_not_found_for_unknown_alert" time="8.202" /><testcase classname="tests.test_alerts_websocket_api" name="test_alerts_websocket_streams_tenant_events" time="0.011" /><testcase classname="tests.test_alerts_websocket_api" name="test_alerts_websocket_rejects_invalid_tenant_header" time="0.006" /><testcase classname="tests.test_alignment_analysis" name="test_alignment_service_computes_conformance_metrics" time="0.001" /><testcase classname="tests.test_alignment_analysis" name="test_alignment_service_handles_empty_record_set" time="0.001" /><testcase classname="tests.test_analysis_task" name="test_analysis_worker_computes_metrics_and_enqueues_followups" time="0.002" /><testcase classname="tests.test_analytics_api" name="test_analytics_endpoints" time="0.028" /><testcase classname="tests.test_attachment_decompressor" name="test_decompressor_returns_plain_attachment_when_not_compressed" time="0.000" /><testcase classname="tests.test_attachment_decompressor" name="test_decompressor_extracts_gzip_payload" time="0.001" /><testcase classname="tests.test_attachment_decompressor" name="test_decompressor_extracts_zip_payload" time="0.001" /><testcase classname="tests.test_attachment_decompressor" name="test_decompressor_blocks_unsafe_zip_paths" time="0.001" /><testcase classname="tests.test_auth_api" name="test_auth_register_login_refresh_logout_flow" time="50.038" /><testcase classname="tests.test_auth_api" name="test_auth_login_rejects_invalid_password" time="16.925" /><testcase classname="tests.test_celery_config" name="test_celery_queues_are_configured_for_pipeline" time="0.007" /><testcase classname="tests.test_celery_config" name="test_celery_routes_cover_all_pipeline_stages" time="0.001" /><testcase classname="tests.test_collect_task" name="test_collect_task_applies_message_idempotency" time="0.012" /><testcase classname="tests.test_collect_task" name="test_collect_task_skips_when_run_is_already_active" time="0.004" /><testcase classname="tests.test_correlate_task" name="test_correlate_task_detects_and_creates_incidents" time="0.003" /><testcase classname="tests.test_correlate_task" name="test_correlate_task_enqueues_alert_dispatch_jobs" time="0.003" /><testcase classname="tests.test_correlate_task" name="test_incident_creator_persists_alerts" time="0.003" /><testcase classname="tests.test_correlation_detector" name="test_correlation_detector_emits_expected_signals" time="0.001" /><testcase classname="tests.test_db_session" name="test_normalize_database_url_adds_asyncpg_driver" time="0.001" /><testcase classname="tests.test_db_session" name="test_normalize_database_url_keeps_asyncpg_driver" time="0.001" /><testcase classname="tests.test_db_session" name="test_normalize_database_url_rejects_non_postgres" time="0.001" /><testcase classname="tests.test_dmarc_parser" name="test_dmarc_parser_parses_safe_xml_and_normalizes_provider" time="0.003" /><testcase classname="tests.test_dmarc_parser" name="test_dmarc_parser_provider_normalization_microsoft" time="0.001" /><testcase classname="tests.test_dmarc_parser" name="test_dmarc_parser_schema_validation_rejects_missing_required_path" time="0.001" /><testcase classname="tests.test_dmarc_parser" name="test_dmarc_parser_rejects_unsafe_xml_entity_expansion" time="0.001" /><testcase classname="tests.test_dmarc_parser" name="test_dmarc_parser_rejects_invalid_ip" time="0.001" /><testcase classname="tests.test_domains_api" name="test_domains_crud_and_policy_flow" time="24.610" /><testcase classname="tests.test_enrichment_clients" name="test_geoip_client_uses_cache" time="0.004" /><testcase classname="tests.test_enrichment_clients" name="test_enrichment_service_aggregates_provider_outputs" time="0.005" /><testcase classname="tests.test_health" name="test_health_endpoint_returns_ok" time="0.007" /><testcase classname="tests.test_health" name="test_health_ready_returns_ready_when_database_is_available" time="0.005" /><testcase classname="tests.test_health" name="test_health_ready_returns_503_when_database_is_unavailable" time="0.005" /><testcase classname="tests.test_imap_client" name="test_imap_client_fetches_unseen_messages_and_logs_out" time="0.003" /><testcase classname="tests.test_incidents_api" name="test_incidents_endpoints" time="8.217" /><testcase classname="tests.test_integrations_api" name="test_integrations_crud_and_connector_test_flow" time="32.807" /><testcase classname="tests.test_integrations_api" name="test_integrations_test_endpoint_reports_failed_validation" time="16.361" /><testcase classname="tests.test_ioc_api" name="test_ioc_feed_json_and_csv" time="0.011" /><testcase classname="tests.test_mailboxes_api" name="test_mailboxes_crud_test_and_manual_trigger" time="32.784" /><testcase classname="tests.test_middleware_hardening" name="test_write_operations_are_rate_limited_and_audited" time="0.009" /><testcase classname="tests.test_minio_uploader" name="test_minio_uploader_creates_bucket_and_uploads_bytes" time="0.005" /><testcase classname="tests.test_observability_bootstrap" name="test_app_bootstraps_with_observability_enabled" time="0.057" /><testcase classname="tests.test_pagination" name="test_build_offset_limit_computes_expected_values" time="0.001" /><testcase classname="tests.test_pagination" name="test_build_offset_limit_rejects_invalid_page" time="0.001" /><testcase classname="tests.test_pagination" name="test_build_offset_limit_rejects_invalid_page_size" time="0.001" /><testcase classname="tests.test_parse_task" name="test_parse_task_pipeline_reads_parses_persists_and_indexes" time="0.002" /><testcase classname="tests.test_parse_task" name="test_parse_task_retry_delay_is_capped" time="0.001" /><testcase classname="tests.test_pipeline_integration" name="test_collect_parse_persist_index_integration" time="0.010" /><testcase classname="tests.test_rbac" name="test_parse_role_supports_alias" time="0.000" /><testcase classname="tests.test_rbac" name="test_parse_role_invalid_raises" time="0.000" /><testcase classname="tests.test_rbac" name="test_client_user_has_limited_permissions" time="0.000" /><testcase classname="tests.test_rbac" name="test_admin_has_all_permissions" time="0.001" /><testcase classname="tests.test_rbac" name="test_enforce_permission_raises_forbidden" time="0.001" /><testcase classname="tests.test_rbac" name="test_enforce_permission_accepts_valid_permission" time="0.001" /><testcase classname="tests.test_recommend_task" name="test_recommend_task_persists_current_and_history" time="0.005" /><testcase classname="tests.test_recommendation_engine" name="test_recommendation_engine_emits_guidance_for_low_posture" time="0.001" /><testcase classname="tests.test_recommendations_api" name="test_recommendations_api_list_detail_resolve_flow" time="8.155" /><testcase classname="tests.test_recommendations_api" name="test_recommendations_api_detail_not_found" time="0.004" /><testcase classname="tests.test_record_repository" name="test_record_repository_search_get_export_and_delete" time="0.002" /><testcase classname="tests.test_report_persister" name="test_report_persister_upserts_domain_report_and_sources" time="0.003" /><testcase classname="tests.test_report_raw_repository" name="test_report_raw_repository_crud_and_pagination" time="0.005" /><testcase classname="tests.test_report_repository" name="test_report_repository_get_list_delete" time="0.002" /><testcase classname="tests.test_reports_records_api" name="test_reports_and_records_api" time="0.021" /><testcase classname="tests.test_security" name="test_hash_password_and_verify" time="0.766" /><testcase classname="tests.test_security" name="test_jwt_create_and_decode_roundtrip" time="0.109" /><testcase classname="tests.test_security" name="test_decode_token_type_mismatch_raises" time="0.108" /><testcase classname="tests.test_smoke" name="test_root_endpoint_returns_ok" time="0.007" /><testcase classname="tests.test_sources_api" name="test_sources_endpoints" time="0.020" /></testsuite></testsuites>